2026-04-24 21:09:12 - INFO - User selected to connect to the adb device.
2026-04-24 21:09:23 - INFO - User tried to connect to the device.
2026-04-24 21:09:39 - INFO - User tried to connect to the device.
2026-04-24 21:09:46 - INFO - User tried to disconnect from the device.
2026-04-24 21:09:53 - INFO - User tried to disconnect from the device.
2026-04-24 21:10:17 - INFO - User tried to connect to the device.
2026-04-24 21:12:07 - INFO - User tried to connect to the device.
2026-04-24 21:12:10 - INFO - User tried to check battery level.
2026-04-24 21:12:13 - INFO - user left device context.
2026-04-24 21:12:16 - INFO - Session ended by user.
2026-04-24 21:14:08 - INFO - User selected to connect to the adb device.
2026-04-24 21:14:12 - INFO - User tried to connect to the device.
2026-04-24 21:14:18 - INFO - User tried to disconnect from the device.
2026-04-24 21:14:31 - INFO - User tried to disconnect from the device.
2026-04-24 21:17:28 - INFO - user left device context.
2026-04-24 21:17:30 - INFO - Session ended by user.
2026-04-24 21:19:03 - INFO - User selected to connect to the adb device.
2026-04-24 21:19:20 - INFO - User tried to connect to the device.
2026-04-24 21:19:24 - INFO - User tried to disconnect from the device.
2026-04-24 21:19:29 - INFO - User tried to disconnect from the device.
2026-04-24 21:19:38 - INFO - User tried to disconnect from the device.
2026-04-24 21:19:59 - INFO - User tried to connect to the device.
2026-04-24 21:20:21 - INFO - User tried to check battery level.
2026-04-24 21:20:46 - INFO - user left device context.
2026-04-24 21:20:48 - INFO - Session ended by user.
